<?xml version="1.0" encoding="UTF-8"?>
<coverage generated="1685097018210" clover="3.2.0">
  <project timestamp="1685097018211" name="All files">
    <metrics statements="51" coveredstatements="16" conditionals="18" coveredconditionals="5" methods="11" coveredmethods="2" elements="80" coveredelements="23" complexity="0" loc="51" ncloc="51" packages="1" files="1" classes="1"/>
    <file name="popup.js" path="F:\Js-Capstone\src\modules\popup.js">
      <metrics statements="51" coveredstatements="16" conditionals="18" coveredconditionals="5" methods="11" coveredmethods="2"/>
      <line num="1" count="1" type="stmt"/>
      <line num="2" count="0" type="stmt"/>
      <line num="3" count="0" type="stmt"/>
      <line num="4" count="0" type="stmt"/>
      <line num="5" count="0" type="stmt"/>
      <line num="6" count="0" type="cond" truecount="0" falsecount="2"/>
      <line num="7" count="0" type="stmt"/>
      <line num="40" count="0" type="stmt"/>
      <line num="41" count="0" type="stmt"/>
      <line num="42" count="0" type="stmt"/>
      <line num="49" count="1" type="stmt"/>
      <line num="50" count="0" type="stmt"/>
      <line num="51" count="0" type="stmt"/>
      <line num="52" count="0" type="stmt"/>
      <line num="53" count="0" type="stmt"/>
      <line num="57" count="1" type="stmt"/>
      <line num="58" count="0" type="stmt"/>
      <line num="59" count="0" type="stmt"/>
      <line num="60" count="0" type="cond" truecount="0" falsecount="5"/>
      <line num="61" count="0" type="stmt"/>
      <line num="62" count="0" type="stmt"/>
      <line num="63" count="0" type="stmt"/>
      <line num="68" count="1" type="stmt"/>
      <line num="69" count="0" type="stmt"/>
      <line num="70" count="0" type="stmt"/>
      <line num="71" count="0" type="cond" truecount="0" falsecount="2"/>
      <line num="72" count="0" type="stmt"/>
      <line num="73" count="0" type="stmt"/>
      <line num="74" count="0" type="stmt"/>
      <line num="76" count="0" type="stmt"/>
      <line num="78" count="0" type="cond" truecount="0" falsecount="2"/>
      <line num="79" count="0" type="stmt"/>
      <line num="80" count="0" type="stmt"/>
      <line num="81" count="0" type="stmt"/>
      <line num="83" count="0" type="stmt"/>
      <line num="87" count="1" type="stmt"/>
      <line num="88" count="0" type="stmt"/>
      <line num="89" count="0" type="stmt"/>
      <line num="103" count="1" type="stmt"/>
      <line num="104" count="1" type="stmt"/>
      <line num="105" count="1" type="stmt"/>
      <line num="106" count="1" type="stmt"/>
      <line num="108" count="1" type="stmt"/>
      <line num="109" count="1" type="cond" truecount="1" falsecount="1"/>
      <line num="110" count="1" type="stmt"/>
      <line num="111" count="4" type="cond" truecount="4" falsecount="1"/>
      <line num="112" count="4" type="stmt"/>
      <line num="116" count="1" type="stmt"/>
      <line num="120" count="1" type="stmt"/>
      <line num="121" count="0" type="stmt"/>
      <line num="122" count="0" type="stmt"/>
    </file>
  </project>
</coverage>
