{"F:\\Js-Capstone\\src\\modules\\popup.js": {"path":"F:\\Js-Capstone\\src\\modules\\popup.js","statementMap":{"0":{"start":{"line":1,"column":25},"end":{"line":46,"column":1}},"1":{"start":{"line":2,"column":13},"end":{"line":2,"column":36}},"2":{"start":{"line":3,"column":16},"end":{"line":3,"column":48}},"3":{"start":{"line":4,"column":2},"end":{"line":4,"column":30}},"4":{"start":{"line":5,"column":2},"end":{"line":45,"column":5}},"5":{"start":{"line":6,"column":4},"end":{"line":44,"column":5}},"6":{"start":{"line":7,"column":6},"end":{"line":39,"column":8}},"7":{"start":{"line":40,"column":23},"end":{"line":40,"column":59}},"8":{"start":{"line":41,"column":6},"end":{"line":43,"column":9}},"9":{"start":{"line":42,"column":8},"end":{"line":42,"column":39}},"10":{"start":{"line":49,"column":30},"end":{"line":54,"column":1}},"11":{"start":{"line":50,"column":18},"end":{"line":50,"column":148}},"12":{"start":{"line":51,"column":19},"end":{"line":51,"column":39}},"13":{"start":{"line":52,"column":15},"end":{"line":52,"column":36}},"14":{"start":{"line":53,"column":2},"end":{"line":53,"column":14}},"15":{"start":{"line":57,"column":32},"end":{"line":66,"column":1}},"16":{"start":{"line":58,"column":22},"end":{"line":58,"column":62}},"17":{"start":{"line":59,"column":2},"end":{"line":65,"column":5}},"18":{"start":{"line":60,"column":4},"end":{"line":64,"column":5}},"19":{"start":{"line":61,"column":17},"end":{"line":61,"column":45}},"20":{"start":{"line":62,"column":6},"end":{"line":62,"column":90}},"21":{"start":{"line":63,"column":6},"end":{"line":63,"column":34}},"22":{"start":{"line":68,"column":24},"end":{"line":85,"column":1}},"23":{"start":{"line":69,"column":13},"end":{"line":69,"column":56}},"24":{"start":{"line":70,"column":13},"end":{"line":70,"column":55}},"25":{"start":{"line":71,"column":2},"end":{"line":77,"column":3}},"26":{"start":{"line":72,"column":4},"end":{"line":72,"column":36}},"27":{"start":{"line":73,"column":4},"end":{"line":73,"column":27}},"28":{"start":{"line":74,"column":4},"end":{"line":74,"column":33}},"29":{"start":{"line":76,"column":4},"end":{"line":76,"column":22}},"30":{"start":{"line":78,"column":2},"end":{"line":84,"column":3}},"31":{"start":{"line":79,"column":4},"end":{"line":79,"column":36}},"32":{"start":{"line":80,"column":4},"end":{"line":80,"column":27}},"33":{"start":{"line":81,"column":4},"end":{"line":81,"column":33}},"34":{"start":{"line":83,"column":4},"end":{"line":83,"column":22}},"35":{"start":{"line":87,"column":26},"end":{"line":100,"column":1}},"36":{"start":{"line":88,"column":18},"end":{"line":88,"column":134}},"37":{"start":{"line":89,"column":2},"end":{"line":99,"column":5}},"38":{"start":{"line":103,"column":30},"end":{"line":117,"column":1}},"39":{"start":{"line":104,"column":18},"end":{"line":104,"column":148}},"40":{"start":{"line":105,"column":19},"end":{"line":105,"column":39}},"41":{"start":{"line":106,"column":15},"end":{"line":106,"column":36}},"42":{"start":{"line":108,"column":10},"end":{"line":108,"column":11}},"43":{"start":{"line":109,"column":2},"end":{"line":115,"column":3}},"44":{"start":{"line":110,"column":4},"end":{"line":114,"column":7}},"45":{"start":{"line":111,"column":6},"end":{"line":113,"column":7}},"46":{"start":{"line":112,"column":8},"end":{"line":112,"column":15}},"47":{"start":{"line":116,"column":2},"end":{"line":116,"column":11}},"48":{"start":{"line":120,"column":38},"end":{"line":123,"column":1}},"49":{"start":{"line":121,"column":13},"end":{"line":121,"column":55}},"50":{"start":{"line":122,"column":2},"end":{"line":122,"column":45}}},"fnMap":{"0":{"name":"(anonymous_0)","decl":{"start":{"line":1,"column":25},"end":{"line":1,"column":26}},"loc":{"start":{"line":1,"column":47},"end":{"line":46,"column":1}},"line":1},"1":{"name":"(anonymous_1)","decl":{"start":{"line":5,"column":19},"end":{"line":5,"column":20}},"loc":{"start":{"line":5,"column":32},"end":{"line":45,"column":3}},"line":5},"2":{"name":"(anonymous_2)","decl":{"start":{"line":41,"column":41},"end":{"line":41,"column":42}},"loc":{"start":{"line":41,"column":47},"end":{"line":43,"column":7}},"line":41},"3":{"name":"(anonymous_3)","decl":{"start":{"line":49,"column":30},"end":{"line":49,"column":31}},"loc":{"start":{"line":49,"column":44},"end":{"line":54,"column":1}},"line":49},"4":{"name":"(anonymous_4)","decl":{"start":{"line":57,"column":32},"end":{"line":57,"column":33}},"loc":{"start":{"line":57,"column":42},"end":{"line":66,"column":1}},"line":57},"5":{"name":"(anonymous_5)","decl":{"start":{"line":59,"column":15},"end":{"line":59,"column":16}},"loc":{"start":{"line":59,"column":28},"end":{"line":65,"column":3}},"line":59},"6":{"name":"(anonymous_6)","decl":{"start":{"line":68,"column":24},"end":{"line":68,"column":25}},"loc":{"start":{"line":68,"column":48},"end":{"line":85,"column":1}},"line":68},"7":{"name":"(anonymous_7)","decl":{"start":{"line":87,"column":26},"end":{"line":87,"column":27}},"loc":{"start":{"line":87,"column":60},"end":{"line":100,"column":1}},"line":87},"8":{"name":"(anonymous_8)","decl":{"start":{"line":103,"column":30},"end":{"line":103,"column":31}},"loc":{"start":{"line":103,"column":44},"end":{"line":117,"column":1}},"line":103},"9":{"name":"(anonymous_9)","decl":{"start":{"line":110,"column":17},"end":{"line":110,"column":18}},"loc":{"start":{"line":110,"column":30},"end":{"line":114,"column":5}},"line":110},"10":{"name":"(anonymous_10)","decl":{"start":{"line":120,"column":38},"end":{"line":120,"column":39}},"loc":{"start":{"line":120,"column":53},"end":{"line":123,"column":1}},"line":120}},"branchMap":{"0":{"loc":{"start":{"line":6,"column":4},"end":{"line":44,"column":5}},"type":"if","locations":[{"start":{"line":6,"column":4},"end":{"line":44,"column":5}},{"start":{},"end":{}}],"line":6},"1":{"loc":{"start":{"line":60,"column":4},"end":{"line":64,"column":5}},"type":"if","locations":[{"start":{"line":60,"column":4},"end":{"line":64,"column":5}},{"start":{},"end":{}}],"line":60},"2":{"loc":{"start":{"line":60,"column":8},"end":{"line":60,"column":68}},"type":"binary-expr","locations":[{"start":{"line":60,"column":8},"end":{"line":60,"column":29}},{"start":{"line":60,"column":33},"end":{"line":60,"column":49}},{"start":{"line":60,"column":53},"end":{"line":60,"column":68}}],"line":60},"3":{"loc":{"start":{"line":71,"column":2},"end":{"line":77,"column":3}},"type":"if","locations":[{"start":{"line":71,"column":2},"end":{"line":77,"column":3}},{"start":{"line":75,"column":9},"end":{"line":77,"column":3}}],"line":71},"4":{"loc":{"start":{"line":78,"column":2},"end":{"line":84,"column":3}},"type":"if","locations":[{"start":{"line":78,"column":2},"end":{"line":84,"column":3}},{"start":{"line":82,"column":9},"end":{"line":84,"column":3}}],"line":78},"5":{"loc":{"start":{"line":109,"column":2},"end":{"line":115,"column":3}},"type":"if","locations":[{"start":{"line":109,"column":2},"end":{"line":115,"column":3}},{"start":{},"end":{}}],"line":109},"6":{"loc":{"start":{"line":111,"column":6},"end":{"line":113,"column":7}},"type":"if","locations":[{"start":{"line":111,"column":6},"end":{"line":113,"column":7}},{"start":{},"end":{}}],"line":111},"7":{"loc":{"start":{"line":111,"column":10},"end":{"line":111,"column":70}},"type":"binary-expr","locations":[{"start":{"line":111,"column":10},"end":{"line":111,"column":31}},{"start":{"line":111,"column":35},"end":{"line":111,"column":51}},{"start":{"line":111,"column":55},"end":{"line":111,"column":70}}],"line":111}},"s":{"0":1,"1":0,"2":0,"3":0,"4":0,"5":0,"6":0,"7":0,"8":0,"9":0,"10":1,"11":0,"12":0,"13":0,"14":0,"15":1,"16":0,"17":0,"18":0,"19":0,"20":0,"21":0,"22":1,"23":0,"24":0,"25":0,"26":0,"27":0,"28":0,"29":0,"30":0,"31":0,"32":0,"33":0,"34":0,"35":1,"36":0,"37":0,"38":1,"39":1,"40":1,"41":1,"42":1,"43":1,"44":1,"45":4,"46":4,"47":1,"48":1,"49":0,"50":0},"f":{"0":0,"1":0,"2":0,"3":0,"4":0,"5":0,"6":0,"7":0,"8":1,"9":4,"10":0},"b":{"0":[0,0],"1":[0,0],"2":[0,0,0],"3":[0,0],"4":[0,0],"5":[1,0],"6":[4,0],"7":[4,4,4]},"_coverageSchema":"1a1c01bbd47fc00a2c39e90264f33305004495a9","hash":"f17323c6c43f89bd10ba570a6ec9287e39104f3b"}
}
